Using pre-set license
Built from '2020.3/staging' branch; Version is '2020.3.30f1 (1fb1bf06830e) revision 2077119'; Using compiler version '192528614'; Build Type 'Release'
OS: 'Windows 10  (10.0.19042) 64bit Enterprise' Language: 'en' Physical Memory: 12123 MB
BatchMode: 1, IsHumanControllingUs: 0, StartBugReporterOnCrash: 0, Is64bit: 1, IsPro: 0

COMMAND LINE ARGUMENTS:
C:\Program Files\Unity\Hub\Editor\2020.3.30f1\Editor\Unity.exe
-adb2
-batchMode
-noUpm
-name
AssetImportWorker0
-projectPath
C:/Users/RafaelMaio/Desktop/Bolsa/Assisted_production/ProjetoExperiencias/ExperimentarARFoundation
-logFile
Logs/AssetImportWorker0.log
-srvPort
50519
Successfully changed project path to: C:/Users/RafaelMaio/Desktop/Bolsa/Assisted_production/ProjetoExperiencias/ExperimentarARFoundation
C:/Users/RafaelMaio/Desktop/Bolsa/Assisted_production/ProjetoExperiencias/ExperimentarARFoundation
Using Asset Import Pipeline V2.
Refreshing native plugins compatible for Editor in 47.94 ms, found 2 plugins.
Preloading 0 native plugins for Editor in 0.00 ms.
Initialize engine version: 2020.3.30f1 (1fb1bf06830e)
[Subsystems] Discovering subsystems at path C:/Program Files/Unity/Hub/Editor/2020.3.30f1/Editor/Data/Resources/UnitySubsystems
[Subsystems] Discovering subsystems at path C:/Users/RafaelMaio/Desktop/Bolsa/Assisted_production/ProjetoExperiencias/ExperimentarARFoundation/Assets
GfxDevice: creating device client; threaded=0
Direct3D:
    Version:  Direct3D 11.0 [level 11.1]
    Renderer: NVIDIA GeForce GTX 1650 Ti (ID=0x1f95)
    Vendor:   
    VRAM:     3962 MB
    Driver:   30.0.15.1169
Initialize mono
Mono path[0] = 'C:/Program Files/Unity/Hub/Editor/2020.3.30f1/Editor/Data/Managed'
Mono path[1] = 'C:/Program Files/Unity/Hub/Editor/2020.3.30f1/Editor/Data/MonoBleedingEdge/lib/mono/unityjit'
Mono config path = 'C:/Program Files/Unity/Hub/Editor/2020.3.30f1/Editor/Data/MonoBleedingEdge/etc'
Using monoOptions --debugger-agent=transport=dt_socket,embedding=1,server=y,suspend=n,address=127.0.0.1:56304
Begin MonoManager ReloadAssembly
Registering precompiled unity dll's ...
Register platform support module: C:/Program Files/Unity/Hub/Editor/2020.3.30f1/Editor/Data/PlaybackEngines/WindowsStandaloneSupport/UnityEditor.WindowsStandalone.Extensions.dll
Registered in 0.001938 seconds.
Native extension for WindowsStandalone target not found
Refreshing native plugins compatible for Editor in 40.43 ms, found 2 plugins.
Preloading 0 native plugins for Editor in 0.00 ms.
Mono: successfully reloaded assembly
- Completed reload, in  0.596 seconds
Domain Reload Profiling:
	ReloadAssembly (596ms)
		BeginReloadAssembly (74ms)
			ExecutionOrderSort (0ms)
			DisableScriptedObjects (0ms)
			BackupInstance (0ms)
			ReleaseScriptingObjects (0ms)
			CreateAndSetChildDomain (1ms)
		EndReloadAssembly (452ms)
			LoadAssemblies (73ms)
			RebuildTransferFunctionScriptingTraits (0ms)
			SetupTypeCache (149ms)
			ReleaseScriptCaches (0ms)
			RebuildScriptCaches (27ms)
			SetupLoadedEditorAssemblies (170ms)
				LogAssemblyErrors (0ms)
				InitializePlatformSupportModulesInManaged (5ms)
				SetLoadedEditorAssemblies (0ms)
				RefreshPlugins (41ms)
				BeforeProcessingInitializeOnLoad (16ms)
				ProcessInitializeOnLoadAttributes (82ms)
				ProcessInitializeOnLoadMethodAttributes (27ms)
				AfterProcessingInitializeOnLoad (0ms)
				EditorAssembliesLoaded (0ms)
			ExecutionOrderSort2 (0ms)
			AwakeInstancesAfterBackupRestoration (0ms)
Platform modules already initialized, skipping
Registering precompiled user dll's ...
Registered in 0.005675 seconds.
Begin MonoManager ReloadAssembly
Native extension for WindowsStandalone target not found
Refreshing native plugins compatible for Editor in 46.73 ms, found 2 plugins.
Preloading 0 native plugins for Editor in 0.00 ms.
Mono: successfully reloaded assembly
- Completed reload, in  1.260 seconds
Domain Reload Profiling:
	ReloadAssembly (1261ms)
		BeginReloadAssembly (156ms)
			ExecutionOrderSort (0ms)
			DisableScriptedObjects (4ms)
			BackupInstance (0ms)
			ReleaseScriptingObjects (0ms)
			CreateAndSetChildDomain (22ms)
		EndReloadAssembly (1048ms)
			LoadAssemblies (103ms)
			RebuildTransferFunctionScriptingTraits (0ms)
			SetupTypeCache (318ms)
			ReleaseScriptCaches (1ms)
			RebuildScriptCaches (48ms)
			SetupLoadedEditorAssemblies (377ms)
				LogAssemblyErrors (0ms)
				InitializePlatformSupportModulesInManaged (5ms)
				SetLoadedEditorAssemblies (0ms)
				RefreshPlugins (47ms)
				BeforeProcessingInitializeOnLoad (108ms)
				ProcessInitializeOnLoadAttributes (201ms)
				ProcessInitializeOnLoadMethodAttributes (11ms)
				AfterProcessingInitializeOnLoad (6ms)
				EditorAssembliesLoaded (0ms)
			ExecutionOrderSort2 (0ms)
			AwakeInstancesAfterBackupRestoration (8ms)
Platform modules already initialized, skipping
========================================================================
Worker process is ready to serve import requests
Launched and connected shader compiler UnityShaderCompiler.exe after 0.06 seconds
Refreshing native plugins compatible for Editor in 0.84 ms, found 2 plugins.
Preloading 0 native plugins for Editor in 0.00 ms.
Unloading 2133 Unused Serialized files (Serialized files now loaded: 0)
System memory in use before: 90.5 MB.
System memory in use after: 90.6 MB.

Unloading 41 unused Assets to reduce memory usage. Loaded Objects now: 2556.
Total: 4.122000 ms (FindLiveObjects: 0.263800 ms CreateObjectMapping: 0.153700 ms MarkObjects: 3.613200 ms  DeleteObjects: 0.089700 ms)

AssetImportParameters requested are different than current active one (requested -> active):
  custom:framework-win-MediaFoundation: 216162199b28c13a410421893ffa2e32 -> 
  custom:video-decoder-ogg-theora: a1e56fd34408186e4bbccfd4996cb3dc -> 
  custom:container-muxer-webm: aa71ff27fc2769a1b78a27578f13a17b -> 
  custom:container-demuxer-webm: 4f35f7cbe854078d1ac9338744f61a02 -> 
  custom:container-demuxer-ogg: 62fdf1f143b41e24485cea50d1cbac27 -> 
  custom:video-encoder-webm-vp8: eb34c28f22e8b96e1ab97ce403110664 -> 
  custom:video-decoder-webm-vp8: 9c59270c3fd7afecdb556c50c9e8de78 -> 
  custom:audio-decoder-ogg-vorbis: bf7c407c2cedff20999df2af8eb42d56 -> 
  custom:audio-encoder-webm-vorbis: bf7c407c2cedff20999df2af8eb42d56 -> 
========================================================================
Received Import Request.
  path: Assets/Scripts/AppMainScript.cs
  artifactKey: Guid(1ab4592430fe81e4391ae195eb04e2b6) Importer(815301076,1909f56bfc062723c751e8b465ee728b)
Start importing Assets/Scripts/AppMainScript.cs using Guid(1ab4592430fe81e4391ae195eb04e2b6) Importer(815301076,1909f56bfc062723c751e8b465ee728b)  -> (artifact id: 'c46b41ad4cd3021016999a845fa893a7') in 0.082053 seconds 
========================================================================
Received Import Request.
  Time since last request: 354.974686 seconds.
  path: Assets/Scripts/boxesJsonStruct.cs
  artifactKey: Guid(e60fdbc1ba92b3b40b60e0cf4d212723) Importer(815301076,1909f56bfc062723c751e8b465ee728b)
Start importing Assets/Scripts/boxesJsonStruct.cs using Guid(e60fdbc1ba92b3b40b60e0cf4d212723) Importer(815301076,1909f56bfc062723c751e8b465ee728b)  -> (artifact id: '1b35e347d0278bb73a7915f9955e362f') in 0.007943 seconds 
========================================================================
Received Import Request.
  Time since last request: 1.122041 seconds.
  path: Assets/Scripts/ConfigurationMenuScript.cs
  artifactKey: Guid(63a801de2df36b645ac7872534f23a28) Importer(815301076,1909f56bfc062723c751e8b465ee728b)
Start importing Assets/Scripts/ConfigurationMenuScript.cs using Guid(63a801de2df36b645ac7872534f23a28) Importer(815301076,1909f56bfc062723c751e8b465ee728b)  -> (artifact id: '6ac67b93873eb7d259da64d23aa75f58') in 0.007951 seconds 
========================================================================
Received Import Request.
  Time since last request: 1.196035 seconds.
  path: Assets/Scripts/FloatingTag.cs
  artifactKey: Guid(b2da40c98d57ac24eb2518ff6c1dcfda) Importer(815301076,1909f56bfc062723c751e8b465ee728b)
Start importing Assets/Scripts/FloatingTag.cs using Guid(b2da40c98d57ac24eb2518ff6c1dcfda) Importer(815301076,1909f56bfc062723c751e8b465ee728b)  -> (artifact id: '233cb4f151bef5ac232906d65b0d7c3b') in 0.008725 seconds 
========================================================================
Received Import Request.
  Time since last request: 1.993716 seconds.
  path: Assets/Scripts/InitialMenuScript.cs
  artifactKey: Guid(3426fe197ba9d8d47a8ee7f029cab412) Importer(815301076,1909f56bfc062723c751e8b465ee728b)
Start importing Assets/Scripts/InitialMenuScript.cs using Guid(3426fe197ba9d8d47a8ee7f029cab412) Importer(815301076,1909f56bfc062723c751e8b465ee728b)  -> (artifact id: '11b2067d9d6ce0dc0c72a055348670b8') in 0.007097 seconds 
========================================================================
Received Import Request.
  Time since last request: 0.963952 seconds.
  path: Assets/Scripts/LeanCameraHandler.cs
  artifactKey: Guid(83e1fb298da15a449a2f27c16328d5cd) Importer(815301076,1909f56bfc062723c751e8b465ee728b)
Start importing Assets/Scripts/LeanCameraHandler.cs using Guid(83e1fb298da15a449a2f27c16328d5cd) Importer(815301076,1909f56bfc062723c751e8b465ee728b)  -> (artifact id: '94f41ab51da95b9b7f8324b9cf9854a0') in 0.006561 seconds 
========================================================================
Received Import Request.
  Time since last request: 0.989018 seconds.
  path: Assets/Scripts/LeanDragTranslateBlock.cs
  artifactKey: Guid(adb8736f30bb83b4c84f91830b4934a6) Importer(815301076,1909f56bfc062723c751e8b465ee728b)
Start importing Assets/Scripts/LeanDragTranslateBlock.cs using Guid(adb8736f30bb83b4c84f91830b4934a6) Importer(815301076,1909f56bfc062723c751e8b465ee728b)  -> (artifact id: '48304db6bbb49353297cbd370074306f') in 0.006373 seconds 
========================================================================
Received Import Request.
  Time since last request: 0.961742 seconds.
  path: Assets/Scripts/LeanTwistRotateAxisAux.cs
  artifactKey: Guid(b3dd70b7594280b4ab480d055fb70bb5) Importer(815301076,1909f56bfc062723c751e8b465ee728b)
Start importing Assets/Scripts/LeanTwistRotateAxisAux.cs using Guid(b3dd70b7594280b4ab480d055fb70bb5) Importer(815301076,1909f56bfc062723c751e8b465ee728b)  -> (artifact id: 'c59a3854d55caf37548392332e0aa870') in 0.007029 seconds 
========================================================================
Received Import Request.
  Time since last request: 2.004616 seconds.
  path: Assets/Scripts/ScannerMenuScript.cs
  artifactKey: Guid(70a8e41840e9b4c4eb0001d7a9b6bb14) Importer(815301076,1909f56bfc062723c751e8b465ee728b)
Start importing Assets/Scripts/ScannerMenuScript.cs using Guid(70a8e41840e9b4c4eb0001d7a9b6bb14) Importer(815301076,1909f56bfc062723c751e8b465ee728b)  -> (artifact id: '8517962d587ccbe1e237db4980bf27f7') in 0.005935 seconds 
========================================================================
Received Import Request.
  Time since last request: 1.004617 seconds.
  path: Assets/Scripts/ScrollViewAdapter.cs
  artifactKey: Guid(1ac914fd7e3e79247a61a241a65377fa) Importer(815301076,1909f56bfc062723c751e8b465ee728b)
Start importing Assets/Scripts/ScrollViewAdapter.cs using Guid(1ac914fd7e3e79247a61a241a65377fa) Importer(815301076,1909f56bfc062723c751e8b465ee728b)  -> (artifact id: '15362778d4db25235936c975c053a951') in 0.006046 seconds 
========================================================================
Received Import Request.
  Time since last request: 1.149484 seconds.
  path: Assets/Scripts/zxing.unity.zip
  artifactKey: Guid(15ec362ed6227be48a6221a9a18ebad5) Importer(815301076,1909f56bfc062723c751e8b465ee728b)
Start importing Assets/Scripts/zxing.unity.zip using Guid(15ec362ed6227be48a6221a9a18ebad5) Importer(815301076,1909f56bfc062723c751e8b465ee728b)  -> (artifact id: '25ab3ff432cad018e06a489503572ae6') in 0.020754 seconds 
========================================================================
Received Import Request.
  Time since last request: 0.796722 seconds.
  path: Assets/Scripts/VisualizationMenuScript.cs
  artifactKey: Guid(f454d619c843fda4fb0370f9a71e13f2) Importer(815301076,1909f56bfc062723c751e8b465ee728b)
Start importing Assets/Scripts/VisualizationMenuScript.cs using Guid(f454d619c843fda4fb0370f9a71e13f2) Importer(815301076,1909f56bfc062723c751e8b465ee728b)  -> (artifact id: 'a35f165649aa14fa13f430749302ae83') in 0.007373 seconds 
========================================================================
Received Import Request.
  Time since last request: 0.021120 seconds.
  path: Assets/Scripts/UserTestsBoschScript.cs
  artifactKey: Guid(731fffcaa16341346829649d40b6802f) Importer(815301076,1909f56bfc062723c751e8b465ee728b)
Start importing Assets/Scripts/UserTestsBoschScript.cs using Guid(731fffcaa16341346829649d40b6802f) Importer(815301076,1909f56bfc062723c751e8b465ee728b)  -> (artifact id: 'ab79db77378982c7178df5892d349a31') in 0.006905 seconds 
========================================================================
Received Import Request.
  Time since last request: 0.050183 seconds.
  path: Assets/Scripts/StorageControl.cs
  artifactKey: Guid(7fc51940882902f4fb542dd4b9943bc2) Importer(815301076,1909f56bfc062723c751e8b465ee728b)
Start importing Assets/Scripts/StorageControl.cs using Guid(7fc51940882902f4fb542dd4b9943bc2) Importer(815301076,1909f56bfc062723c751e8b465ee728b)  -> (artifact id: 'ccb171958aebc8f8cf0876032f5dced8') in 0.005169 seconds 
========================================================================
Received Prepare
Registering precompiled user dll's ...
Registered in 0.004285 seconds.
Begin MonoManager ReloadAssembly
Native extension for WindowsStandalone target not found
Refreshing native plugins compatible for Editor in 0.52 ms, found 2 plugins.
Preloading 0 native plugins for Editor in 0.00 ms.
Mono: successfully reloaded assembly
- Completed reload, in  0.974 seconds
Domain Reload Profiling:
	ReloadAssembly (974ms)
		BeginReloadAssembly (103ms)
			ExecutionOrderSort (0ms)
			DisableScriptedObjects (4ms)
			BackupInstance (0ms)
			ReleaseScriptingObjects (0ms)
			CreateAndSetChildDomain (31ms)
		EndReloadAssembly (821ms)
			LoadAssemblies (86ms)
			RebuildTransferFunctionScriptingTraits (0ms)
			SetupTypeCache (261ms)
			ReleaseScriptCaches (1ms)
			RebuildScriptCaches (36ms)
			SetupLoadedEditorAssemblies (349ms)
				LogAssemblyErrors (0ms)
				InitializePlatformSupportModulesInManaged (3ms)
				SetLoadedEditorAssemblies (0ms)
				RefreshPlugins (1ms)
				BeforeProcessingInitializeOnLoad (84ms)
				ProcessInitializeOnLoadAttributes (244ms)
				ProcessInitializeOnLoadMethodAttributes (11ms)
				AfterProcessingInitializeOnLoad (6ms)
				EditorAssembliesLoaded (0ms)
			ExecutionOrderSort2 (0ms)
			AwakeInstancesAfterBackupRestoration (6ms)
Platform modules already initialized, skipping
Switching build target platform(19) subTarget(0) extendedPlatform(0) -> platform(13) subTarget(524288) extendedPlatform(0)
Refreshing native plugins compatible for Editor in 0.54 ms, found 2 plugins.
Preloading 0 native plugins for Editor in 0.00 ms.
Unloading 2107 Unused Serialized files (Serialized files now loaded: 0)
System memory in use before: 88.4 MB.
System memory in use after: 88.5 MB.

Unloading 36 unused Assets to reduce memory usage. Loaded Objects now: 2559.
Total: 2.493300 ms (FindLiveObjects: 0.135200 ms CreateObjectMapping: 0.073000 ms MarkObjects: 2.185300 ms  DeleteObjects: 0.099100 ms)

AssetImportParameters requested are different than current active one (requested -> active):
  custom:framework-win-MediaFoundation: 216162199b28c13a410421893ffa2e32 -> 
  custom:video-decoder-ogg-theora: a1e56fd34408186e4bbccfd4996cb3dc -> 
  custom:container-muxer-webm: aa71ff27fc2769a1b78a27578f13a17b -> 
  custom:container-demuxer-webm: 4f35f7cbe854078d1ac9338744f61a02 -> 
  custom:container-demuxer-ogg: 62fdf1f143b41e24485cea50d1cbac27 -> 
  custom:video-encoder-webm-vp8: eb34c28f22e8b96e1ab97ce403110664 -> 
  custom:video-decoder-webm-vp8: 9c59270c3fd7afecdb556c50c9e8de78 -> 
  custom:graphics/normal-map-encoding: 01000000000000000000000000000000 -> 02000000000000000000000000000000
  custom:audio-decoder-ogg-vorbis: bf7c407c2cedff20999df2af8eb42d56 -> 
  custom:audio-encoder-webm-vorbis: bf7c407c2cedff20999df2af8eb42d56 -> 
========================================================================
Received Import Request.
  Time since last request: 298.483169 seconds.
  path: Assets/Scripts/VisualizationMenuScript.cs
  artifactKey: Guid(f454d619c843fda4fb0370f9a71e13f2) Importer(815301076,1909f56bfc062723c751e8b465ee728b)
Start importing Assets/Scripts/VisualizationMenuScript.cs using Guid(f454d619c843fda4fb0370f9a71e13f2) Importer(815301076,1909f56bfc062723c751e8b465ee728b)  -> (artifact id: '7ba6bccd8bde014d260eb0172325f2c4') in 0.004491 seconds 
========================================================================
Received Prepare
Registering precompiled user dll's ...
Registered in 0.005356 seconds.
Begin MonoManager ReloadAssembly
Native extension for WindowsStandalone target not found
Refreshing native plugins compatible for Editor in 0.54 ms, found 2 plugins.
Preloading 0 native plugins for Editor in 0.00 ms.
Mono: successfully reloaded assembly
- Completed reload, in  1.012 seconds
Domain Reload Profiling:
	ReloadAssembly (1012ms)
		BeginReloadAssembly (116ms)
			ExecutionOrderSort (0ms)
			DisableScriptedObjects (4ms)
			BackupInstance (0ms)
			ReleaseScriptingObjects (0ms)
			CreateAndSetChildDomain (35ms)
		EndReloadAssembly (827ms)
			LoadAssemblies (99ms)
			RebuildTransferFunctionScriptingTraits (0ms)
			SetupTypeCache (273ms)
			ReleaseScriptCaches (1ms)
			RebuildScriptCaches (35ms)
			SetupLoadedEditorAssemblies (331ms)
				LogAssemblyErrors (0ms)
				InitializePlatformSupportModulesInManaged (4ms)
				SetLoadedEditorAssemblies (1ms)
				RefreshPlugins (1ms)
				BeforeProcessingInitializeOnLoad (87ms)
				ProcessInitializeOnLoadAttributes (226ms)
				ProcessInitializeOnLoadMethodAttributes (8ms)
				AfterProcessingInitializeOnLoad (4ms)
				EditorAssembliesLoaded (0ms)
			ExecutionOrderSort2 (0ms)
			AwakeInstancesAfterBackupRestoration (6ms)
Platform modules already initialized, skipping
Switching build target platform(19) subTarget(0) extendedPlatform(0) -> platform(13) subTarget(524288) extendedPlatform(0)
Refreshing native plugins compatible for Editor in 0.54 ms, found 2 plugins.
Preloading 0 native plugins for Editor in 0.00 ms.
Unloading 2107 Unused Serialized files (Serialized files now loaded: 0)
System memory in use before: 88.4 MB.
System memory in use after: 88.5 MB.

Unloading 36 unused Assets to reduce memory usage. Loaded Objects now: 2562.
Total: 2.553600 ms (FindLiveObjects: 0.152700 ms CreateObjectMapping: 0.078700 ms MarkObjects: 2.248800 ms  DeleteObjects: 0.072600 ms)

AssetImportParameters requested are different than current active one (requested -> active):
  custom:framework-win-MediaFoundation: 216162199b28c13a410421893ffa2e32 -> 
  custom:video-decoder-ogg-theora: a1e56fd34408186e4bbccfd4996cb3dc -> 
  custom:container-muxer-webm: aa71ff27fc2769a1b78a27578f13a17b -> 
  custom:container-demuxer-webm: 4f35f7cbe854078d1ac9338744f61a02 -> 
  custom:container-demuxer-ogg: 62fdf1f143b41e24485cea50d1cbac27 -> 
  custom:video-encoder-webm-vp8: eb34c28f22e8b96e1ab97ce403110664 -> 
  custom:video-decoder-webm-vp8: 9c59270c3fd7afecdb556c50c9e8de78 -> 
  custom:graphics/normal-map-encoding: 01000000000000000000000000000000 -> 02000000000000000000000000000000
  custom:audio-decoder-ogg-vorbis: bf7c407c2cedff20999df2af8eb42d56 -> 
  custom:audio-encoder-webm-vorbis: bf7c407c2cedff20999df2af8eb42d56 -> 
========================================================================
Received Import Request.
  Time since last request: 162.858727 seconds.
  path: Assets/Scripts/boxesJsonStruct.cs
  artifactKey: Guid(e60fdbc1ba92b3b40b60e0cf4d212723) Importer(815301076,1909f56bfc062723c751e8b465ee728b)
Start importing Assets/Scripts/boxesJsonStruct.cs using Guid(e60fdbc1ba92b3b40b60e0cf4d212723) Importer(815301076,1909f56bfc062723c751e8b465ee728b)  -> (artifact id: 'ce47acadb3adeb40fe571dc29496b1a8') in 0.004483 seconds 
========================================================================
Received Prepare
Registering precompiled user dll's ...
Registered in 0.004710 seconds.
Begin MonoManager ReloadAssembly
Native extension for WindowsStandalone target not found
Refreshing native plugins compatible for Editor in 1.37 ms, found 2 plugins.
Preloading 0 native plugins for Editor in 0.00 ms.
Mono: successfully reloaded assembly
- Completed reload, in  1.024 seconds
Domain Reload Profiling:
	ReloadAssembly (1024ms)
		BeginReloadAssembly (103ms)
			ExecutionOrderSort (0ms)
			DisableScriptedObjects (5ms)
			BackupInstance (0ms)
			ReleaseScriptingObjects (0ms)
			CreateAndSetChildDomain (30ms)
		EndReloadAssembly (870ms)
			LoadAssemblies (98ms)
			RebuildTransferFunctionScriptingTraits (0ms)
			SetupTypeCache (299ms)
			ReleaseScriptCaches (1ms)
			RebuildScriptCaches (35ms)
			SetupLoadedEditorAssemblies (322ms)
				LogAssemblyErrors (0ms)
				InitializePlatformSupportModulesInManaged (4ms)
				SetLoadedEditorAssemblies (1ms)
				RefreshPlugins (1ms)
				BeforeProcessingInitializeOnLoad (82ms)
				ProcessInitializeOnLoadAttributes (220ms)
				ProcessInitializeOnLoadMethodAttributes (8ms)
				AfterProcessingInitializeOnLoad (5ms)
				EditorAssembliesLoaded (0ms)
			ExecutionOrderSort2 (0ms)
			AwakeInstancesAfterBackupRestoration (6ms)
Platform modules already initialized, skipping
Switching build target platform(19) subTarget(0) extendedPlatform(0) -> platform(13) subTarget(524288) extendedPlatform(0)
Refreshing native plugins compatible for Editor in 0.55 ms, found 2 plugins.
Preloading 0 native plugins for Editor in 0.00 ms.
Unloading 2106 Unused Serialized files (Serialized files now loaded: 0)
System memory in use before: 88.4 MB.
System memory in use after: 88.5 MB.

Unloading 37 unused Assets to reduce memory usage. Loaded Objects now: 2564.
Total: 2.517500 ms (FindLiveObjects: 0.146500 ms CreateObjectMapping: 0.082900 ms MarkObjects: 2.254000 ms  DeleteObjects: 0.033700 ms)

AssetImportParameters requested are different than current active one (requested -> active):
  custom:framework-win-MediaFoundation: 216162199b28c13a410421893ffa2e32 -> 
  custom:video-decoder-ogg-theora: a1e56fd34408186e4bbccfd4996cb3dc -> 
  custom:container-muxer-webm: aa71ff27fc2769a1b78a27578f13a17b -> 
  custom:container-demuxer-webm: 4f35f7cbe854078d1ac9338744f61a02 -> 
  custom:container-demuxer-ogg: 62fdf1f143b41e24485cea50d1cbac27 -> 
  custom:video-encoder-webm-vp8: eb34c28f22e8b96e1ab97ce403110664 -> 
  custom:video-decoder-webm-vp8: 9c59270c3fd7afecdb556c50c9e8de78 -> 
  custom:graphics/normal-map-encoding: 01000000000000000000000000000000 -> 02000000000000000000000000000000
  custom:audio-decoder-ogg-vorbis: bf7c407c2cedff20999df2af8eb42d56 -> 
  custom:audio-encoder-webm-vorbis: bf7c407c2cedff20999df2af8eb42d56 -> 
========================================================================
Received Prepare
Registering precompiled user dll's ...
Registered in 0.005009 seconds.
Begin MonoManager ReloadAssembly
Native extension for WindowsStandalone target not found
Refreshing native plugins compatible for Editor in 0.76 ms, found 2 plugins.
Preloading 0 native plugins for Editor in 0.00 ms.
Mono: successfully reloaded assembly
- Completed reload, in  1.042 seconds
Domain Reload Profiling:
	ReloadAssembly (1042ms)
		BeginReloadAssembly (117ms)
			ExecutionOrderSort (0ms)
			DisableScriptedObjects (4ms)
			BackupInstance (0ms)
			ReleaseScriptingObjects (0ms)
			CreateAndSetChildDomain (29ms)
		EndReloadAssembly (869ms)
			LoadAssemblies (104ms)
			RebuildTransferFunctionScriptingTraits (0ms)
			SetupTypeCache (297ms)
			ReleaseScriptCaches (1ms)
			RebuildScriptCaches (39ms)
			SetupLoadedEditorAssemblies (329ms)
				LogAssemblyErrors (0ms)
				InitializePlatformSupportModulesInManaged (4ms)
				SetLoadedEditorAssemblies (0ms)
				RefreshPlugins (1ms)
				BeforeProcessingInitializeOnLoad (91ms)
				ProcessInitializeOnLoadAttributes (220ms)
				ProcessInitializeOnLoadMethodAttributes (7ms)
				AfterProcessingInitializeOnLoad (5ms)
				EditorAssembliesLoaded (0ms)
			ExecutionOrderSort2 (0ms)
			AwakeInstancesAfterBackupRestoration (6ms)
Platform modules already initialized, skipping
Switching build target platform(19) subTarget(0) extendedPlatform(0) -> platform(13) subTarget(524288) extendedPlatform(0)
Refreshing native plugins compatible for Editor in 0.56 ms, found 2 plugins.
Preloading 0 native plugins for Editor in 0.00 ms.
Unloading 2105 Unused Serialized files (Serialized files now loaded: 0)
System memory in use before: 88.4 MB.
System memory in use after: 88.5 MB.

Unloading 37 unused Assets to reduce memory usage. Loaded Objects now: 2566.
Total: 2.647200 ms (FindLiveObjects: 0.312000 ms CreateObjectMapping: 0.110200 ms MarkObjects: 2.162900 ms  DeleteObjects: 0.061400 ms)

AssetImportParameters requested are different than current active one (requested -> active):
  custom:framework-win-MediaFoundation: 216162199b28c13a410421893ffa2e32 -> 
  custom:video-decoder-ogg-theora: a1e56fd34408186e4bbccfd4996cb3dc -> 
  custom:container-muxer-webm: aa71ff27fc2769a1b78a27578f13a17b -> 
  custom:container-demuxer-webm: 4f35f7cbe854078d1ac9338744f61a02 -> 
  custom:container-demuxer-ogg: 62fdf1f143b41e24485cea50d1cbac27 -> 
  custom:video-encoder-webm-vp8: eb34c28f22e8b96e1ab97ce403110664 -> 
  custom:video-decoder-webm-vp8: 9c59270c3fd7afecdb556c50c9e8de78 -> 
  custom:graphics/normal-map-encoding: 01000000000000000000000000000000 -> 02000000000000000000000000000000
  custom:audio-decoder-ogg-vorbis: bf7c407c2cedff20999df2af8eb42d56 -> 
  custom:audio-encoder-webm-vorbis: bf7c407c2cedff20999df2af8eb42d56 -> 
AssetImportWorkerClient::OnTransportError - code=2 error=End of file
